# JRE version: Java(TM) SE Runtime Environment (17.0.10+11) (build 17.0.10+11-LTS-240)
# Java VM: Java HotSpot(TM) 64-Bit Server VM (17.0.10+11-LTS-240, mixed mode, sharing, tiered, compressed oops, compressed class ptrs, g1 gc, windows-amd64)
GC Precious Log:
 CPUs: 8 total, 8 available
 Memory: 16194M
 Large Page Support: Disabled
 NUMA Support: Disabled
 Compressed Oops: Enabled (32-bit)
 Heap Region Size: 1M
 Heap Min Capacity: 256M
 Heap Initial Capacity: 256M
 Heap Max Capacity: 512M
 Pre-touch: Disabled
 Parallel Workers: 8
 Concurrent Workers: 2
 Concurrent Refinement Workers: 8
 Periodic GC: Disabled
Heap:
 garbage-first heap   total 262144K, used 75910K [0x00000000e0000000, 0x0000000100000000)
  region size 1024K, 45 young (46080K), 1 survivors (1024K)
 Metaspace       used 40594K, committed 41088K, reserved 393216K
  class space    used 5753K, committed 5952K, reserved 327680K
GC Heap History (14 events):
Event: 3.063 GC heap before
{Heap before GC invocations=0 (full 0):
 garbage-first heap   total 262144K, used 22528K [0x00000000e0000000, 0x0000000100000000)
  region size 1024K, 23 young (23552K), 0 survivors (0K)
 Metaspace       used 1081K, committed 1216K, reserved 393216K
  class space    used 73K, committed 128K, reserved 327680K
}
Event: 3.378 GC heap after
{Heap after GC invocations=1 (full 0):
 garbage-first heap   total 262144K, used 3907K [0x00000000e0000000, 0x0000000100000000)
  region size 1024K, 3 young (3072K), 3 survivors (3072K)
 Metaspace       used 1081K, committed 1216K, reserved 393216K
  class space    used 73K, committed 128K, reserved 327680K
}
Event: 6.272 GC heap before
{Heap before GC invocations=1 (full 0):
 garbage-first heap   total 262144K, used 39747K [0x00000000e0000000, 0x0000000100000000)
  region size 1024K, 35 young (35840K), 3 survivors (3072K)
 Metaspace       used 4341K, committed 4544K, reserved 393216K
  class space    used 542K, committed 640K, reserved 327680K
}
Event: 6.277 GC heap after
{Heap after GC invocations=2 (full 0):
 garbage-first heap   total 262144K, used 11144K [0x00000000e0000000, 0x0000000100000000)
  region size 1024K, 5 young (5120K), 5 survivors (5120K)
 Metaspace       used 4341K, committed 4544K, reserved 393216K
  class space    used 542K, committed 640K, reserved 327680K
}
Event: 8.999 GC heap before
{Heap before GC invocations=2 (full 0):
 garbage-first heap   total 262144K, used 59272K [0x00000000e0000000, 0x0000000100000000)
  region size 1024K, 50 young (51200K), 5 survivors (5120K)
 Metaspace       used 4630K, committed 4864K, reserved 393216K
  class space    used 584K, committed 704K, reserved 327680K
}
Event: 9.005 GC heap after
{Heap after GC invocations=3 (full 0):
 garbage-first heap   total 262144K, used 16689K [0x00000000e0000000, 0x0000000100000000)
  region size 1024K, 5 young (5120K), 5 survivors (5120K)
 Metaspace       used 4630K, committed 4864K, reserved 393216K
  class space    used 584K, committed 704K, reserved 327680K
}
Event: 27.220 GC heap before
{Heap before GC invocations=3 (full 0):
 garbage-first heap   total 262144K, used 125233K [0x00000000e0000000, 0x0000000100000000)
  region size 1024K, 112 young (114688K), 5 survivors (5120K)
 Metaspace       used 21213K, committed 21504K, reserved 393216K
  class space    used 3099K, committed 3264K, reserved 327680K
}
Event: 27.260 GC heap after
{Heap after GC invocations=4 (full 0):
 garbage-first heap   total 262144K, used 23951K [0x00000000e0000000, 0x0000000100000000)
  region size 1024K, 12 young (12288K), 12 survivors (12288K)
 Metaspace       used 21213K, committed 21504K, reserved 393216K
  class space    used 3099K, committed 3264K, reserved 327680K
}
Event: 37.774 GC heap before
{Heap before GC invocations=5 (full 0):
 garbage-first heap   total 262144K, used 151951K [0x00000000e0000000, 0x0000000100000000)
  region size 1024K, 134 young (137216K), 12 survivors (12288K)
 Metaspace       used 36613K, committed 37120K, reserved 393216K
  class space    used 5110K, committed 5376K, reserved 327680K
}
Event: 37.796 GC heap after
{Heap after GC invocations=6 (full 0):
 garbage-first heap   total 262144K, used 33260K [0x00000000e0000000, 0x0000000100000000)
  region size 1024K, 17 young (17408K), 17 survivors (17408K)
 Metaspace       used 36613K, committed 37120K, reserved 393216K
  class space    used 5110K, committed 5376K, reserved 327680K
}
Event: 37.830 GC heap before
{Heap before GC invocations=6 (full 0):
 garbage-first heap   total 262144K, used 34284K [0x00000000e0000000, 0x0000000100000000)
  region size 1024K, 18 young (18432K), 17 survivors (17408K)
 Metaspace       used 36758K, committed 37248K, reserved 393216K
  class space    used 5132K, committed 5376K, reserved 327680K
}
Event: 37.846 GC heap after
{Heap after GC invocations=7 (full 0):
 garbage-first heap   total 262144K, used 33432K [0x00000000e0000000, 0x0000000100000000)
  region size 1024K, 2 young (2048K), 2 survivors (2048K)
 Metaspace       used 36758K, committed 37248K, reserved 393216K
  class space    used 5132K, committed 5376K, reserved 327680K
}
Event: 38.015 GC heap before
{Heap before GC invocations=7 (full 0):
 garbage-first heap   total 262144K, used 35480K [0x00000000e0000000, 0x0000000100000000)
  region size 1024K, 5 young (5120K), 2 survivors (2048K)
 Metaspace       used 36993K, committed 37440K, reserved 393216K
  class space    used 5162K, committed 5376K, reserved 327680K
}
Event: 38.017 GC heap after
{Heap after GC invocations=8 (full 0):
 garbage-first heap   total 262144K, used 31878K [0x00000000e0000000, 0x0000000100000000)
  region size 1024K, 1 young (1024K), 1 survivors (1024K)
 Metaspace       used 36993K, committed 37440K, reserved 393216K
  class space    used 5162K, committed 5376K, reserved 327680K
}

