# JRE version: Java(TM) SE Runtime Environment (17.0.10+11) (build 17.0.10+11-LTS-240)
# Java VM: Java HotSpot(TM) 64-Bit Server VM (17.0.10+11-LTS-240, mixed mode, sharing, tiered, compressed oops, compressed class ptrs, g1 gc, windows-amd64)
GC Precious Log:
 CPUs: 8 total, 8 available
 Memory: 16194M
 Large Page Support: Disabled
 NUMA Support: Disabled
 Compressed Oops: Enabled (32-bit)
 Heap Region Size: 1M
 Heap Min Capacity: 256M
 Heap Initial Capacity: 256M
 Heap Max Capacity: 512M
 Pre-touch: Disabled
 Parallel Workers: 8
 Concurrent Workers: 2
 Concurrent Refinement Workers: 8
 Periodic GC: Disabled
Heap:
 garbage-first heap   total 262144K, used 180543K [0x00000000e0000000, 0x0000000100000000)
  region size 1024K, 136 young (139264K), 2 survivors (2048K)
 Metaspace       used 54648K, committed 55232K, reserved 393216K
  class space    used 7684K, committed 7936K, reserved 327680K
GC Heap History (18 events):
Event: 4.805 GC heap before
{Heap before GC invocations=0 (full 0):
 garbage-first heap   total 262144K, used 22528K [0x00000000e0000000, 0x0000000100000000)
  region size 1024K, 23 young (23552K), 0 survivors (0K)
 Metaspace       used 1077K, committed 1216K, reserved 393216K
  class space    used 73K, committed 128K, reserved 327680K
}
Event: 5.068 GC heap after
{Heap after GC invocations=1 (full 0):
 garbage-first heap   total 262144K, used 3909K [0x00000000e0000000, 0x0000000100000000)
  region size 1024K, 3 young (3072K), 3 survivors (3072K)
 Metaspace       used 1077K, committed 1216K, reserved 393216K
  class space    used 73K, committed 128K, reserved 327680K
}
Event: 8.516 GC heap before
{Heap before GC invocations=1 (full 0):
 garbage-first heap   total 262144K, used 40773K [0x00000000e0000000, 0x0000000100000000)
  region size 1024K, 36 young (36864K), 3 survivors (3072K)
 Metaspace       used 4379K, committed 4544K, reserved 393216K
  class space    used 542K, committed 640K, reserved 327680K
}
Event: 8.521 GC heap after
{Heap after GC invocations=2 (full 0):
 garbage-first heap   total 262144K, used 11132K [0x00000000e0000000, 0x0000000100000000)
  region size 1024K, 5 young (5120K), 5 survivors (5120K)
 Metaspace       used 4379K, committed 4544K, reserved 393216K
  class space    used 542K, committed 640K, reserved 327680K
}
Event: 12.405 GC heap before
{Heap before GC invocations=2 (full 0):
 garbage-first heap   total 262144K, used 60284K [0x00000000e0000000, 0x0000000100000000)
  region size 1024K, 51 young (52224K), 5 survivors (5120K)
 Metaspace       used 4854K, committed 5056K, reserved 393216K
  class space    used 626K, committed 704K, reserved 327680K
}
Event: 12.412 GC heap after
{Heap after GC invocations=3 (full 0):
 garbage-first heap   total 262144K, used 16781K [0x00000000e0000000, 0x0000000100000000)
  region size 1024K, 5 young (5120K), 5 survivors (5120K)
 Metaspace       used 4854K, committed 5056K, reserved 393216K
  class space    used 626K, committed 704K, reserved 327680K
}
Event: 23.209 GC heap before
{Heap before GC invocations=3 (full 0):
 garbage-first heap   total 262144K, used 120205K [0x00000000e0000000, 0x0000000100000000)
  region size 1024K, 107 young (109568K), 5 survivors (5120K)
 Metaspace       used 21162K, committed 21504K, reserved 393216K
  class space    used 3100K, committed 3264K, reserved 327680K
}
Event: 23.233 GC heap after
{Heap after GC invocations=4 (full 0):
 garbage-first heap   total 262144K, used 24110K [0x00000000e0000000, 0x0000000100000000)
  region size 1024K, 12 young (12288K), 12 survivors (12288K)
 Metaspace       used 21162K, committed 21504K, reserved 393216K
  class space    used 3100K, committed 3264K, reserved 327680K
}
Event: 31.686 GC heap before
{Heap before GC invocations=5 (full 0):
 garbage-first heap   total 262144K, used 142894K [0x00000000e0000000, 0x0000000100000000)
  region size 1024K, 125 young (128000K), 12 survivors (12288K)
 Metaspace       used 35733K, committed 36160K, reserved 393216K
  class space    used 4961K, committed 5184K, reserved 327680K
}
Event: 31.707 GC heap after
{Heap after GC invocations=6 (full 0):
 garbage-first heap   total 262144K, used 33022K [0x00000000e0000000, 0x0000000100000000)
  region size 1024K, 16 young (16384K), 16 survivors (16384K)
 Metaspace       used 35733K, committed 36160K, reserved 393216K
  class space    used 4961K, committed 5184K, reserved 327680K
}
Event: 31.831 GC heap before
{Heap before GC invocations=6 (full 0):
 garbage-first heap   total 262144K, used 34046K [0x00000000e0000000, 0x0000000100000000)
  region size 1024K, 17 young (17408K), 16 survivors (16384K)
 Metaspace       used 35838K, committed 36288K, reserved 393216K
  class space    used 4982K, committed 5184K, reserved 327680K
}
Event: 31.850 GC heap after
{Heap after GC invocations=7 (full 0):
 garbage-first heap   total 262144K, used 33514K [0x00000000e0000000, 0x0000000100000000)
  region size 1024K, 2 young (2048K), 2 survivors (2048K)
 Metaspace       used 35838K, committed 36288K, reserved 393216K
  class space    used 4982K, committed 5184K, reserved 327680K
}
Event: 32.079 GC heap before
{Heap before GC invocations=7 (full 0):
 garbage-first heap   total 262144K, used 35562K [0x00000000e0000000, 0x0000000100000000)
  region size 1024K, 5 young (5120K), 2 survivors (2048K)
 Metaspace       used 36057K, committed 36480K, reserved 393216K
  class space    used 5025K, committed 5248K, reserved 327680K
}
Event: 32.081 GC heap after
{Heap after GC invocations=8 (full 0):
 garbage-first heap   total 262144K, used 32048K [0x00000000e0000000, 0x0000000100000000)
  region size 1024K, 1 young (1024K), 1 survivors (1024K)
 Metaspace       used 36057K, committed 36480K, reserved 393216K
  class space    used 5025K, committed 5248K, reserved 327680K
}
Event: 47.687 GC heap before
{Heap before GC invocations=9 (full 0):
 garbage-first heap   total 262144K, used 188720K [0x00000000e0000000, 0x0000000100000000)
  region size 1024K, 153 young (156672K), 1 survivors (1024K)
 Metaspace       used 49287K, committed 49856K, reserved 393216K
  class space    used 7031K, committed 7296K, reserved 327680K
}
Event: 47.701 GC heap after
{Heap after GC invocations=10 (full 0):
 garbage-first heap   total 262144K, used 43074K [0x00000000e0000000, 0x0000000100000000)
  region size 1024K, 12 young (12288K), 12 survivors (12288K)
 Metaspace       used 49287K, committed 49856K, reserved 393216K
  class space    used 7031K, committed 7296K, reserved 327680K
}
Event: 47.731 GC heap before
{Heap before GC invocations=10 (full 0):
 garbage-first heap   total 262144K, used 44098K [0x00000000e0000000, 0x0000000100000000)
  region size 1024K, 13 young (13312K), 12 survivors (12288K)
 Metaspace       used 49322K, committed 49856K, reserved 393216K
  class space    used 7034K, committed 7296K, reserved 327680K
}
Event: 47.744 GC heap after
{Heap after GC invocations=11 (full 0):
 garbage-first heap   total 262144K, used 44351K [0x00000000e0000000, 0x0000000100000000)
  region size 1024K, 2 young (2048K), 2 survivors (2048K)
 Metaspace       used 49322K, committed 49856K, reserved 393216K
  class space    used 7034K, committed 7296K, reserved 327680K
}

