# JRE version: Java(TM) SE Runtime Environment (17.0.10+11) (build 17.0.10+11-LTS-240)
# Java VM: Java HotSpot(TM) 64-Bit Server VM (17.0.10+11-LTS-240, mixed mode, sharing, tiered, compressed oops, compressed class ptrs, g1 gc, windows-amd64)
GC Precious Log:
 CPUs: 8 total, 8 available
 Memory: 16194M
 Large Page Support: Disabled
 NUMA Support: Disabled
 Compressed Oops: Enabled (32-bit)
 Heap Region Size: 1M
 Heap Min Capacity: 256M
 Heap Initial Capacity: 256M
 Heap Max Capacity: 512M
 Pre-touch: Disabled
 Parallel Workers: 8
 Concurrent Workers: 2
 Concurrent Refinement Workers: 8
 Periodic GC: Disabled
Heap:
 garbage-first heap   total 262144K, used 64177K [0x00000000e0000000, 0x0000000100000000)
  region size 1024K, 11 young (11264K), 5 survivors (5120K)
 Metaspace       used 56005K, committed 56576K, reserved 393216K
  class space    used 7746K, committed 8000K, reserved 327680K
GC Heap History (20 events):
Event: 8.195 GC heap before
{Heap before GC invocations=1 (full 0):
 garbage-first heap   total 262144K, used 40773K [0x00000000e0000000, 0x0000000100000000)
  region size 1024K, 36 young (36864K), 3 survivors (3072K)
 Metaspace       used 4380K, committed 4544K, reserved 393216K
  class space    used 541K, committed 640K, reserved 327680K
}
Event: 8.210 GC heap after
{Heap after GC invocations=2 (full 0):
 garbage-first heap   total 262144K, used 10903K [0x00000000e0000000, 0x0000000100000000)
  region size 1024K, 5 young (5120K), 5 survivors (5120K)
 Metaspace       used 4380K, committed 4544K, reserved 393216K
  class space    used 541K, committed 640K, reserved 327680K
}
Event: 11.595 GC heap before
{Heap before GC invocations=2 (full 0):
 garbage-first heap   total 262144K, used 59031K [0x00000000e0000000, 0x0000000100000000)
  region size 1024K, 50 young (51200K), 5 survivors (5120K)
 Metaspace       used 4726K, committed 4928K, reserved 393216K
  class space    used 597K, committed 704K, reserved 327680K
}
Event: 11.601 GC heap after
{Heap after GC invocations=3 (full 0):
 garbage-first heap   total 262144K, used 16917K [0x00000000e0000000, 0x0000000100000000)
  region size 1024K, 5 young (5120K), 5 survivors (5120K)
 Metaspace       used 4726K, committed 4928K, reserved 393216K
  class space    used 597K, committed 704K, reserved 327680K
}
Event: 27.019 GC heap before
{Heap before GC invocations=3 (full 0):
 garbage-first heap   total 262144K, used 122389K [0x00000000e0000000, 0x0000000100000000)
  region size 1024K, 109 young (111616K), 5 survivors (5120K)
 Metaspace       used 21208K, committed 21504K, reserved 393216K
  class space    used 3098K, committed 3264K, reserved 327680K
}
Event: 27.089 GC heap after
{Heap after GC invocations=4 (full 0):
 garbage-first heap   total 262144K, used 24101K [0x00000000e0000000, 0x0000000100000000)
  region size 1024K, 12 young (12288K), 12 survivors (12288K)
 Metaspace       used 21208K, committed 21504K, reserved 393216K
  class space    used 3098K, committed 3264K, reserved 327680K
}
Event: 40.626 GC heap before
{Heap before GC invocations=5 (full 0):
 garbage-first heap   total 262144K, used 142885K [0x00000000e0000000, 0x0000000100000000)
  region size 1024K, 125 young (128000K), 12 survivors (12288K)
 Metaspace       used 35671K, committed 36096K, reserved 393216K
  class space    used 4959K, committed 5184K, reserved 327680K
}
Event: 40.645 GC heap after
{Heap after GC invocations=6 (full 0):
 garbage-first heap   total 262144K, used 32247K [0x00000000e0000000, 0x0000000100000000)
  region size 1024K, 16 young (16384K), 16 survivors (16384K)
 Metaspace       used 35671K, committed 36096K, reserved 393216K
  class space    used 4959K, committed 5184K, reserved 327680K
}
Event: 40.709 GC heap before
{Heap before GC invocations=6 (full 0):
 garbage-first heap   total 262144K, used 33271K [0x00000000e0000000, 0x0000000100000000)
  region size 1024K, 17 young (17408K), 16 survivors (16384K)
 Metaspace       used 35791K, committed 36224K, reserved 393216K
  class space    used 4974K, committed 5184K, reserved 327680K
}
Event: 40.728 GC heap after
{Heap after GC invocations=7 (full 0):
 garbage-first heap   total 262144K, used 32326K [0x00000000e0000000, 0x0000000100000000)
  region size 1024K, 2 young (2048K), 2 survivors (2048K)
 Metaspace       used 35791K, committed 36224K, reserved 393216K
  class space    used 4974K, committed 5184K, reserved 327680K
}
Event: 40.836 GC heap before
{Heap before GC invocations=7 (full 0):
 garbage-first heap   total 262144K, used 33350K [0x00000000e0000000, 0x0000000100000000)
  region size 1024K, 4 young (4096K), 2 survivors (2048K)
 Metaspace       used 35975K, committed 36416K, reserved 393216K
  class space    used 5009K, committed 5248K, reserved 327680K
}
Event: 40.838 GC heap after
{Heap after GC invocations=8 (full 0):
 garbage-first heap   total 262144K, used 31067K [0x00000000e0000000, 0x0000000100000000)
  region size 1024K, 1 young (1024K), 1 survivors (1024K)
 Metaspace       used 35975K, committed 36416K, reserved 393216K
  class space    used 5009K, committed 5248K, reserved 327680K
}
Event: 53.941 GC heap before
{Heap before GC invocations=9 (full 0):
 garbage-first heap   total 262144K, used 187739K [0x00000000e0000000, 0x0000000100000000)
  region size 1024K, 153 young (156672K), 1 survivors (1024K)
 Metaspace       used 49275K, committed 49856K, reserved 393216K
  class space    used 7032K, committed 7296K, reserved 327680K
}
Event: 53.953 GC heap after
{Heap after GC invocations=10 (full 0):
 garbage-first heap   total 262144K, used 42144K [0x00000000e0000000, 0x0000000100000000)
  region size 1024K, 12 young (12288K), 12 survivors (12288K)
 Metaspace       used 49275K, committed 49856K, reserved 393216K
  class space    used 7032K, committed 7296K, reserved 327680K
}
Event: 53.971 GC heap before
{Heap before GC invocations=10 (full 0):
 garbage-first heap   total 262144K, used 43168K [0x00000000e0000000, 0x0000000100000000)
  region size 1024K, 13 young (13312K), 12 survivors (12288K)
 Metaspace       used 49311K, committed 49856K, reserved 393216K
  class space    used 7037K, committed 7296K, reserved 327680K
}
Event: 53.982 GC heap after
{Heap after GC invocations=11 (full 0):
 garbage-first heap   total 262144K, used 43276K [0x00000000e0000000, 0x0000000100000000)
  region size 1024K, 2 young (2048K), 2 survivors (2048K)
 Metaspace       used 49311K, committed 49856K, reserved 393216K
  class space    used 7037K, committed 7296K, reserved 327680K
}
Event: 65.276 GC heap before
{Heap before GC invocations=11 (full 0):
 garbage-first heap   total 262144K, used 197900K [0x00000000e0000000, 0x0000000100000000)
  region size 1024K, 153 young (156672K), 2 survivors (2048K)
 Metaspace       used 54796K, committed 55360K, reserved 393216K
  class space    used 7688K, committed 7936K, reserved 327680K
}
Event: 65.294 GC heap after
{Heap after GC invocations=12 (full 0):
 garbage-first heap   total 262144K, used 55881K [0x00000000e0000000, 0x0000000100000000)
  region size 1024K, 14 young (14336K), 14 survivors (14336K)
 Metaspace       used 54796K, committed 55360K, reserved 393216K
  class space    used 7688K, committed 7936K, reserved 327680K
}
Event: 71.128 GC heap before
{Heap before GC invocations=12 (full 0):
 garbage-first heap   total 262144K, used 198217K [0x00000000e0000000, 0x0000000100000000)
  region size 1024K, 153 young (156672K), 14 survivors (14336K)
 Metaspace       used 55936K, committed 56512K, reserved 393216K
  class space    used 7736K, committed 8000K, reserved 327680K
}
Event: 71.146 GC heap after
{Heap after GC invocations=13 (full 0):
 garbage-first heap   total 262144K, used 59057K [0x00000000e0000000, 0x0000000100000000)
  region size 1024K, 5 young (5120K), 5 survivors (5120K)
 Metaspace       used 55936K, committed 56512K, reserved 393216K
  class space    used 7736K, committed 8000K, reserved 327680K
}

