# JRE version: Java(TM) SE Runtime Environment (17.0.10+11) (build 17.0.10+11-LTS-240)
# Java VM: Java HotSpot(TM) 64-Bit Server VM (17.0.10+11-LTS-240, mixed mode, sharing, tiered, compressed oops, compressed class ptrs, g1 gc, windows-amd64)
GC Precious Log:
 CPUs: 8 total, 8 available
 Memory: 16194M
 Large Page Support: Disabled
 NUMA Support: Disabled
 Compressed Oops: Enabled (32-bit)
 Heap Region Size: 1M
 Heap Min Capacity: 256M
 Heap Initial Capacity: 256M
 Heap Max Capacity: 512M
 Pre-touch: Disabled
 Parallel Workers: 8
 Concurrent Workers: 2
 Concurrent Refinement Workers: 8
 Periodic GC: Disabled
Heap:
 garbage-first heap   total 262144K, used 131948K [0x00000000e0000000, 0x0000000100000000)
  region size 1024K, 113 young (115712K), 17 survivors (17408K)
 Metaspace       used 45290K, committed 45824K, reserved 393216K
  class space    used 6407K, committed 6656K, reserved 327680K
GC Heap History (10 events):
Event: 3.611 GC heap before
{Heap before GC invocations=0 (full 0):
 garbage-first heap   total 262144K, used 22528K [0x00000000e0000000, 0x0000000100000000)
  region size 1024K, 23 young (23552K), 0 survivors (0K)
 Metaspace       used 1084K, committed 1216K, reserved 393216K
  class space    used 73K, committed 128K, reserved 327680K
}
Event: 3.669 GC heap after
{Heap after GC invocations=1 (full 0):
 garbage-first heap   total 262144K, used 3623K [0x00000000e0000000, 0x0000000100000000)
  region size 1024K, 3 young (3072K), 3 survivors (3072K)
 Metaspace       used 1084K, committed 1216K, reserved 393216K
  class space    used 73K, committed 128K, reserved 327680K
}
Event: 7.261 GC heap before
{Heap before GC invocations=1 (full 0):
 garbage-first heap   total 262144K, used 40487K [0x00000000e0000000, 0x0000000100000000)
  region size 1024K, 36 young (36864K), 3 survivors (3072K)
 Metaspace       used 4385K, committed 4544K, reserved 393216K
  class space    used 541K, committed 640K, reserved 327680K
}
Event: 7.267 GC heap after
{Heap after GC invocations=2 (full 0):
 garbage-first heap   total 262144K, used 11478K [0x00000000e0000000, 0x0000000100000000)
  region size 1024K, 5 young (5120K), 5 survivors (5120K)
 Metaspace       used 4385K, committed 4544K, reserved 393216K
  class space    used 541K, committed 640K, reserved 327680K
}
Event: 11.727 GC heap before
{Heap before GC invocations=2 (full 0):
 garbage-first heap   total 262144K, used 60630K [0x00000000e0000000, 0x0000000100000000)
  region size 1024K, 51 young (52224K), 5 survivors (5120K)
 Metaspace       used 4868K, committed 5056K, reserved 393216K
  class space    used 628K, committed 704K, reserved 327680K
}
Event: 11.732 GC heap after
{Heap after GC invocations=3 (full 0):
 garbage-first heap   total 262144K, used 17181K [0x00000000e0000000, 0x0000000100000000)
  region size 1024K, 5 young (5120K), 5 survivors (5120K)
 Metaspace       used 4868K, committed 5056K, reserved 393216K
  class space    used 628K, committed 704K, reserved 327680K
}
Event: 28.920 GC heap before
{Heap before GC invocations=3 (full 0):
 garbage-first heap   total 262144K, used 121629K [0x00000000e0000000, 0x0000000100000000)
  region size 1024K, 108 young (110592K), 5 survivors (5120K)
 Metaspace       used 21193K, committed 21504K, reserved 393216K
  class space    used 3092K, committed 3200K, reserved 327680K
}
Event: 29.010 GC heap after
{Heap after GC invocations=4 (full 0):
 garbage-first heap   total 262144K, used 24485K [0x00000000e0000000, 0x0000000100000000)
  region size 1024K, 12 young (12288K), 12 survivors (12288K)
 Metaspace       used 21193K, committed 21504K, reserved 393216K
  class space    used 3092K, committed 3200K, reserved 327680K
}
Event: 40.420 GC heap before
{Heap before GC invocations=5 (full 0):
 garbage-first heap   total 262144K, used 144293K [0x00000000e0000000, 0x0000000100000000)
  region size 1024K, 126 young (129024K), 12 survivors (12288K)
 Metaspace       used 35701K, committed 36160K, reserved 393216K
  class space    used 4960K, committed 5184K, reserved 327680K
}
Event: 40.443 GC heap after
{Heap after GC invocations=6 (full 0):
 garbage-first heap   total 262144K, used 33644K [0x00000000e0000000, 0x0000000100000000)
  region size 1024K, 17 young (17408K), 17 survivors (17408K)
 Metaspace       used 35701K, committed 36160K, reserved 393216K
  class space    used 4960K, committed 5184K, reserved 327680K
}

